<?xml version="1.0" encoding="UTF-8"?>
<testsuite name="cs455.scaling.util.ThreadPoolManagerTest" tests="1" skipped="0" failures="0" errors="0" timestamp="2020-02-27T07:46:48" hostname="jhfitzg-Inspiron-3558" time="5.896">
  <properties/>
  <testcase name="ThreadPoolManagerTestTaskTest()" classname="cs455.scaling.util.ThreadPoolManagerTest" time="5.896"/>
  <system-out><![CDATA[00:46:49.413 [INFO ] cs455.scaling.util.WorkerThread (Thread-13) - Attempting to execute a task...
00:46:49.413 [INFO ] cs455.scaling.util.WorkerThread (Thread-8) - Attempting to execute a task...
00:46:49.413 [INFO ] cs455.scaling.util.WorkerThread (Thread-6) - Attempting to execute a task...
TestTask #1
00:46:49.413 [INFO ] cs455.scaling.util.WorkerThread (Thread-7) - Attempting to execute a task...
00:46:49.413 [INFO ] cs455.scaling.util.WorkerThread (Thread-11) - Attempting to execute a task...
00:46:49.413 [INFO ] cs455.scaling.util.WorkerThread (Thread-4) - Attempting to execute a task...
00:46:49.413 [INFO ] cs455.scaling.util.WorkerThread (Thread-5) - Attempting to execute a task...
00:46:49.413 [INFO ] cs455.scaling.util.WorkerThread (Thread-10) - Attempting to execute a task...
TestTask #8
TestTask #7
TestTask #4
TestTask #0
TestTask #9
00:46:49.413 [INFO ] cs455.scaling.util.WorkerThread (Thread-9) - Attempting to execute a task...
00:46:49.431 [INFO ] cs455.scaling.util.WorkerThread (Thread-4) - Attempting to execute a task...
00:46:49.413 [INFO ] cs455.scaling.util.WorkerThread (Thread-12) - Attempting to execute a task...
TestTask #5
TestTask #2
00:46:49.433 [INFO ] cs455.scaling.util.WorkerThread (Thread-9) - Attempting to execute a task...
00:46:49.433 [INFO ] cs455.scaling.util.WorkerThread (Thread-12) - Attempting to execute a task...
TestTask #16
TestTask #17
00:46:49.433 [INFO ] cs455.scaling.util.WorkerThread (Thread-9) - Attempting to execute a task...
00:46:49.431 [INFO ] cs455.scaling.util.WorkerThread (Thread-5) - Attempting to execute a task...
00:46:49.430 [INFO ] cs455.scaling.util.WorkerThread (Thread-6) - Attempting to execute a task...
TestTask #14
00:46:49.431 [INFO ] cs455.scaling.util.WorkerThread (Thread-10) - Attempting to execute a task...
TestTask #11
00:46:49.434 [INFO ] cs455.scaling.util.WorkerThread (Thread-4) - Attempting to execute a task...
TestTask #13
00:46:49.435 [INFO ] cs455.scaling.util.WorkerThread (Thread-6) - Attempting to execute a task...
TestTask #20
00:46:49.435 [INFO ] cs455.scaling.util.WorkerThread (Thread-10) - Attempting to execute a task...
TestTask #21
00:46:49.435 [INFO ] cs455.scaling.util.WorkerThread (Thread-4) - Attempting to execute a task...
TestTask #22
00:46:49.430 [INFO ] cs455.scaling.util.WorkerThread (Thread-7) - Attempting to execute a task...
TestTask #23
TestTask #12
TestTask #18
00:46:49.436 [INFO ] cs455.scaling.util.WorkerThread (Thread-4) - Attempting to execute a task...
00:46:49.436 [INFO ] cs455.scaling.util.WorkerThread (Thread-7) - Attempting to execute a task...
TestTask #26
TestTask #27
TestTask #15
00:46:49.437 [INFO ] cs455.scaling.util.WorkerThread (Thread-4) - Attempting to execute a task...
00:46:49.437 [INFO ] cs455.scaling.util.WorkerThread (Thread-5) - Attempting to execute a task...
TestTask #29
TestTask #31
00:46:49.437 [INFO ] cs455.scaling.util.WorkerThread (Thread-4) - Attempting to execute a task...
00:46:49.438 [INFO ] cs455.scaling.util.WorkerThread (Thread-5) - Attempting to execute a task...
TestTask #32
TestTask #33
00:46:49.438 [INFO ] cs455.scaling.util.WorkerThread (Thread-4) - Attempting to execute a task...
00:46:49.427 [INFO ] cs455.scaling.util.WorkerThread (Thread-13) - Attempting to execute a task...
TestTask #34
00:46:49.438 [INFO ] cs455.scaling.util.WorkerThread (Thread-5) - Attempting to execute a task...
TestTask #3
TestTask #6
00:46:49.437 [INFO ] cs455.scaling.util.WorkerThread (Thread-7) - Attempting to execute a task...
00:46:49.439 [INFO ] cs455.scaling.util.WorkerThread (Thread-8) - Attempting to execute a task...
TestTask #35
TestTask #30
TestTask #10
00:46:49.436 [INFO ] cs455.scaling.util.WorkerThread (Thread-9) - Attempting to execute a task...
00:46:49.435 [INFO ] cs455.scaling.util.WorkerThread (Thread-10) - Attempting to execute a task...
TestTask #28
TestTask #25
00:46:49.444 [INFO ] cs455.scaling.util.WorkerThread (Thread-9) - Attempting to execute a task...
00:46:49.435 [INFO ] cs455.scaling.util.WorkerThread (Thread-6) - Attempting to execute a task...
TestTask #24
TestTask #42
00:46:49.445 [INFO ] cs455.scaling.util.WorkerThread (Thread-6) - Attempting to execute a task...
TestTask #44
00:46:49.446 [INFO ] cs455.scaling.util.WorkerThread (Thread-6) - Attempting to execute a task...
TestTask #46
00:46:49.447 [INFO ] cs455.scaling.util.WorkerThread (Thread-6) - Attempting to execute a task...
TestTask #47
00:46:49.448 [INFO ] cs455.scaling.util.WorkerThread (Thread-6) - Attempting to execute a task...
00:46:49.434 [INFO ] cs455.scaling.util.WorkerThread (Thread-12) - Attempting to execute a task...
TestTask #19
00:46:49.450 [INFO ] cs455.scaling.util.WorkerThread (Thread-12) - Attempting to execute a task...
TestTask #49
00:46:49.444 [INFO ] cs455.scaling.util.WorkerThread (Thread-10) - Attempting to execute a task...
00:46:49.451 [INFO ] cs455.scaling.util.WorkerThread (Thread-12) - Attempting to execute a task...
TestTask #43
TestTask #50
00:46:49.452 [INFO ] cs455.scaling.util.WorkerThread (Thread-10) - Attempting to execute a task...
00:46:49.452 [INFO ] cs455.scaling.util.WorkerThread (Thread-12) - Attempting to execute a task...
TestTask #52
00:46:49.442 [INFO ] cs455.scaling.util.WorkerThread (Thread-13) - Attempting to execute a task...
00:46:49.442 [INFO ] cs455.scaling.util.WorkerThread (Thread-7) - Attempting to execute a task...
TestTask #40
TestTask #51
00:46:49.441 [INFO ] cs455.scaling.util.WorkerThread (Thread-5) - Attempting to execute a task...
00:46:49.453 [INFO ] cs455.scaling.util.WorkerThread (Thread-10) - Attempting to execute a task...
TestTask #39
TestTask #55
00:46:49.454 [INFO ] cs455.scaling.util.WorkerThread (Thread-5) - Attempting to execute a task...
00:46:49.439 [INFO ] cs455.scaling.util.WorkerThread (Thread-11) - Attempting to execute a task...
TestTask #56
00:46:49.454 [INFO ] cs455.scaling.util.WorkerThread (Thread-5) - Attempting to execute a task...
TestTask #58
00:46:49.455 [INFO ] cs455.scaling.util.WorkerThread (Thread-5) - Attempting to execute a task...
TestTask #59
00:46:49.455 [INFO ] cs455.scaling.util.WorkerThread (Thread-5) - Attempting to execute a task...
TestTask #60
00:46:49.455 [INFO ] cs455.scaling.util.WorkerThread (Thread-5) - Attempting to execute a task...
TestTask #61
00:46:49.456 [INFO ] cs455.scaling.util.WorkerThread (Thread-5) - Attempting to execute a task...
TestTask #62
00:46:49.456 [INFO ] cs455.scaling.util.WorkerThread (Thread-5) - Attempting to execute a task...
TestTask #63
00:46:49.439 [INFO ] cs455.scaling.util.WorkerThread (Thread-4) - Attempting to execute a task...
00:46:49.456 [INFO ] cs455.scaling.util.WorkerThread (Thread-5) - Attempting to execute a task...
TestTask #38
TestTask #64
00:46:49.457 [INFO ] cs455.scaling.util.WorkerThread (Thread-8) - Attempting to execute a task...
00:46:49.454 [INFO ] cs455.scaling.util.WorkerThread (Thread-10) - Attempting to execute a task...
TestTask #65
TestTask #57
00:46:49.458 [INFO ] cs455.scaling.util.WorkerThread (Thread-8) - Attempting to execute a task...
00:46:49.458 [INFO ] cs455.scaling.util.WorkerThread (Thread-10) - Attempting to execute a task...
TestTask #67
TestTask #68
00:46:49.458 [INFO ] cs455.scaling.util.WorkerThread (Thread-8) - Attempting to execute a task...
00:46:49.458 [INFO ] cs455.scaling.util.WorkerThread (Thread-10) - Attempting to execute a task...
TestTask #69
TestTask #70
00:46:49.459 [INFO ] cs455.scaling.util.WorkerThread (Thread-8) - Attempting to execute a task...
00:46:49.459 [INFO ] cs455.scaling.util.WorkerThread (Thread-10) - Attempting to execute a task...
TestTask #71
00:46:49.459 [INFO ] cs455.scaling.util.WorkerThread (Thread-8) - Attempting to execute a task...
TestTask #72
00:46:49.459 [INFO ] cs455.scaling.util.WorkerThread (Thread-10) - Attempting to execute a task...
TestTask #73
00:46:49.460 [INFO ] cs455.scaling.util.WorkerThread (Thread-8) - Attempting to execute a task...
TestTask #74
TestTask #75
00:46:49.460 [INFO ] cs455.scaling.util.WorkerThread (Thread-10) - Attempting to execute a task...
00:46:49.460 [INFO ] cs455.scaling.util.WorkerThread (Thread-8) - Attempting to execute a task...
TestTask #76
TestTask #77
00:46:49.461 [INFO ] cs455.scaling.util.WorkerThread (Thread-10) - Attempting to execute a task...
00:46:49.461 [INFO ] cs455.scaling.util.WorkerThread (Thread-8) - Attempting to execute a task...
TestTask #78
TestTask #79
00:46:49.461 [INFO ] cs455.scaling.util.WorkerThread (Thread-10) - Attempting to execute a task...
TestTask #80
TestTask #36
00:46:49.462 [INFO ] cs455.scaling.util.WorkerThread (Thread-10) - Attempting to execute a task...
TestTask #82
00:46:49.462 [INFO ] cs455.scaling.util.WorkerThread (Thread-10) - Attempting to execute a task...
TestTask #84
00:46:49.463 [INFO ] cs455.scaling.util.WorkerThread (Thread-10) - Attempting to execute a task...
TestTask #85
00:46:49.464 [INFO ] cs455.scaling.util.WorkerThread (Thread-10) - Attempting to execute a task...
TestTask #86
TestTask #48
TestTask #37
00:46:49.464 [INFO ] cs455.scaling.util.WorkerThread (Thread-6) - Attempting to execute a task...
TestTask #88
00:46:49.465 [INFO ] cs455.scaling.util.WorkerThread (Thread-6) - Attempting to execute a task...
00:46:49.453 [INFO ] cs455.scaling.util.WorkerThread (Thread-7) - Attempting to execute a task...
00:46:49.452 [INFO ] cs455.scaling.util.WorkerThread (Thread-12) - Attempting to execute a task...
TestTask #54
TestTask #53
00:46:49.466 [INFO ] cs455.scaling.util.WorkerThread (Thread-7) - Attempting to execute a task...
00:46:49.466 [INFO ] cs455.scaling.util.WorkerThread (Thread-12) - Attempting to execute a task...
TestTask #91
00:46:49.466 [INFO ] cs455.scaling.util.WorkerThread (Thread-7) - Attempting to execute a task...
TestTask #93
00:46:49.465 [INFO ] cs455.scaling.util.WorkerThread (Thread-11) - Attempting to execute a task...
TestTask #41
TestTask #89
TestTask #92
00:46:49.467 [INFO ] cs455.scaling.util.WorkerThread (Thread-13) - Attempting to execute a task...
00:46:49.467 [INFO ] cs455.scaling.util.WorkerThread (Thread-12) - Attempting to execute a task...
TestTask #95
TestTask #97
00:46:49.468 [INFO ] cs455.scaling.util.WorkerThread (Thread-13) - Attempting to execute a task...
00:46:49.468 [INFO ] cs455.scaling.util.WorkerThread (Thread-12) - Attempting to execute a task...
TestTask #98
00:46:49.464 [INFO ] cs455.scaling.util.WorkerThread (Thread-10) - Attempting to execute a task...
TestTask #87
TestTask #90
TestTask #99
00:46:49.462 [INFO ] cs455.scaling.util.WorkerThread (Thread-4) - Attempting to execute a task...
00:46:49.461 [INFO ] cs455.scaling.util.WorkerThread (Thread-8) - Attempting to execute a task...
TestTask #81
00:46:49.457 [INFO ] cs455.scaling.util.WorkerThread (Thread-5) - Attempting to execute a task...
TestTask #66
00:46:49.446 [INFO ] cs455.scaling.util.WorkerThread (Thread-9) - Attempting to execute a task...
TestTask #45
00:46:49.467 [INFO ] cs455.scaling.util.WorkerThread (Thread-11) - Attempting to execute a task...
TestTask #96
TestTask #83
00:46:49.467 [INFO ] cs455.scaling.util.WorkerThread (Thread-7) - Attempting to execute a task...
TestTask #94
]]></system-out>
  <system-err><![CDATA[]]></system-err>
</testsuite>
